
Enter 'd' to run with default values or 'u' to user specify values
Seed = 7
n = 100000000

Mean = 9.11181e-05
Difference from 0... = 9.11181e-05

Variance = 1.0002
Difference from 1 = 0.000195236

Now performing pair correlation tests <x_{i+k} x_{i}>, enter invalid k (<=0) to stop.

Enter k: 
Pair Correlation, k = 1: 3.43229e-05
Difference from 0... = 3.43229e-05

Enter k: 
Pair Correlation, k = 2: 8.01726e-05
Difference from 0... = 8.01726e-05

Enter k: 
Pair Correlation, k = 3: -0.000109139
Difference from 0... = -0.000109139

Enter k: 
Pair Correlation, k = 4: 0.000139384
Difference from 0... = 0.000139384

Enter k: 
Pair Correlation, k = 5: 3.84467e-05
Difference from 0... = 3.84467e-05

Enter k: 
Pair Correlation, k = 6: -7.64992e-06
Difference from 0... = -7.64992e-06

Enter k: 
Pair Correlation, k = 7: -0.00010921
Difference from 0... = -0.00010921

Enter k: 
Pair Correlation, k = 8: -0.000172668
Difference from 0... = -0.000172668

Enter k: 
Pair Correlation, k = 9: -5.10757e-05
Difference from 0... = -5.10757e-05

Enter k: Invalid k <= 0, pair correlation tests completed.
rm: cannot remove `./output/*.pdf': No such file or directory
rm: cannot remove `./output/*.png': No such file or directory

Applying Class style settings...

Info in <TCanvas::Print>: png file ./output/normal.png has been created

 FCN=666375 FROM MIGRAD    STATUS=CONVERGED     285 CALLS         286 TOTAL
                     EDM=2.81708e-08    STRATEGY= 1  ERROR MATRIX UNCERTAINTY   1.0 per cent
  EXT PARAMETER                                   STEP         FIRST   
  NO.   NAME      VALUE            ERROR          SIZE      DERIVATIVE 
   1  amplitude    1.02508e+03   1.44812e-01   8.09330e-05  -1.02188e-03
   2  x mean       9.08801e-05   1.00036e-04   9.10236e-07   1.55615e-01
   3  x std dev    9.93922e-01   7.06874e-05  -1.27944e-06   2.60588e+00
   4  y mean       1.52479e-04   1.00034e-04  -2.02296e-06  -1.23828e+00
   5  y std dev    9.93848e-01   7.09474e-05   1.85504e-06   6.03086e-01

Reduced Chi2 = 0.00666375

Info in <TCanvas::Print>: png file ./output/normal_fit_3d.png has been created

Success!

